heartguardapp3/build/app/intermediates/manifest_merge_blame_file/debug/manifest-merger-blame-debug-report.txt
1<?xml version="1.0" encoding="utf-8"?>
2<manifest xmlns:android="http://schemas.android.com/apk/res/android"
3    package="com.example.heartguardapp3"
4    android:versionCode="1"
5    android:versionName="1.0" >
6
7    <uses-sdk
8        android:minSdkVersion="21"
9        android:targetSdkVersion="33" />
10    <!--
11         The INTERNET permission is required for development. Specifically,
12         the Flutter tool needs it to communicate with the running application
13         to allow setting breakpoints, to provide hot reload, etc.
14    -->
15    <uses-permission android:name="android.permission.INTERNET" />
15-->src\main\AndroidManifest.xml:3:5-66
15-->src\main\AndroidManifest.xml:3:22-64
16    <uses-permission android:name="android.permission.ACCESS_FINE_LOCATION" />
16-->src\main\AndroidManifest.xml:4:5-78
16-->src\main\AndroidManifest.xml:4:22-76
17    <uses-permission android:name="android.permission.ACCESS_COARSE_LOCATION" />
17-->src\main\AndroidManifest.xml:5:5-80
17-->src\main\AndroidManifest.xml:5:22-78
18    <uses-permission android:name="android.permission.ACCESS_BACKGROUND_LOCATION" />
18-->src\main\AndroidManifest.xml:6:5-84
18-->src\main\AndroidManifest.xml:6:22-82
19    <uses-permission android:name="android.permission.WAKE_LOCK" />
19-->src\main\AndroidManifest.xml:7:5-67
19-->src\main\AndroidManifest.xml:7:22-65
20    <uses-permission android:name="android.permission.FOREGROUND_SERVICE" />
20-->src\main\AndroidManifest.xml:8:5-76
20-->src\main\AndroidManifest.xml:8:22-74
21    <uses-permission android:name="android.permission.RECEIVE_BOOT_COMPLETED" />
21-->src\main\AndroidManifest.xml:9:5-80
21-->src\main\AndroidManifest.xml:9:22-78
22    <!--
23 Required to query activities that can process text, see:
24         https://developer.android.com/training/package-visibility and
25         https://developer.android.com/reference/android/content/Intent#ACTION_PROCESS_TEXT.
26
27         In particular, this is used by the Flutter engine in io.flutter.plugin.text.ProcessTextPlugin.
28    -->
29    <queries>
29-->src\main\AndroidManifest.xml:73:5-78:15
30        <intent>
30-->src\main\AndroidManifest.xml:74:9-77:18
31            <action android:name="android.intent.action.PROCESS_TEXT" />
31-->src\main\AndroidManifest.xml:75:13-72
31-->src\main\AndroidManifest.xml:75:21-70
32
33            <data android:mimeType="text/plain" />
33-->src\main\AndroidManifest.xml:76:13-50
33-->src\main\AndroidManifest.xml:76:19-48
34        </intent>
35    </queries>
36
37    <uses-permission android:name="android.permission.ACCESS_NETWORK_STATE" /> <!-- Permissions options for the `notification` group -->
37-->[:firebase_analytics] AndroidManifest.xml:7:5-79
37-->[:firebase_analytics] AndroidManifest.xml:7:22-76
38    <uses-permission android:name="android.permission.POST_NOTIFICATIONS" /> <!-- Required by older versions of Google Play services to create IID tokens -->
38-->[:firebase_messaging] AndroidManifest.xml:11:5-77
38-->[:firebase_messaging] AndroidManifest.xml:11:22-74
39    <uses-permission android:name="com.google.android.c2dm.permission.RECEIVE" />
39-->[com.google.firebase:firebase-messaging:23.4.1] AndroidManifest.xml:26:5-82
39-->[com.google.firebase:firebase-messaging:23.4.1] AndroidManifest.xml:26:22-79
40    <uses-permission android:name="com.google.android.gms.permission.AD_ID" />
40-->[com.google.android.gms:play-services-measurement-api:21.6.1] AndroidManifest.xml:25:5-79
40-->[com.google.android.gms:play-services-measurement-api:21.6.1] AndroidManifest.xml:25:22-76
41    <uses-permission android:name="android.permission.ACCESS_ADSERVICES_ATTRIBUTION" />
41-->[com.google.android.gms:play-services-measurement-api:21.6.1] AndroidManifest.xml:26:5-88
41-->[com.google.android.gms:play-services-measurement-api:21.6.1] AndroidManifest.xml:26:22-85
42    <uses-permission android:name="android.permission.ACCESS_ADSERVICES_AD_ID" />
42-->[com.google.android.gms:play-services-measurement-api:21.6.1] AndroidManifest.xml:27:5-82
42-->[com.google.android.gms:play-services-measurement-api:21.6.1] AndroidManifest.xml:27:22-79
43    <uses-permission android:name="com.google.android.providers.gsf.permission.READ_GSERVICES" />
43-->[com.google.android.recaptcha:recaptcha:18.4.0] AndroidManifest.xml:9:5-98
43-->[com.google.android.recaptcha:recaptcha:18.4.0] AndroidManifest.xml:9:22-95
44    <uses-permission android:name="com.google.android.finsky.permission.BIND_GET_INSTALL_REFERRER_SERVICE" />
44-->[com.google.android.gms:play-services-measurement:21.6.1] AndroidManifest.xml:26:5-110
44-->[com.google.android.gms:play-services-measurement:21.6.1] AndroidManifest.xml:26:22-107
45
46    <permission
46-->[androidx.core:core:1.13.1] AndroidManifest.xml:22:5-24:47
47        android:name="com.example.heartguardapp3.DYNAMIC_RECEIVER_NOT_EXPORTED_PERMISSION"
47-->[androidx.core:core:1.13.1] AndroidManifest.xml:23:9-81
48        android:protectionLevel="signature" />
48-->[androidx.core:core:1.13.1] AndroidManifest.xml:24:9-44
49
50    <uses-permission android:name="com.example.heartguardapp3.DYNAMIC_RECEIVER_NOT_EXPORTED_PERMISSION" />
50-->[androidx.core:core:1.13.1] AndroidManifest.xml:26:5-97
50-->[androidx.core:core:1.13.1] AndroidManifest.xml:26:22-94
51
52    <application
52-->src\main\AndroidManifest.xml:11:5-67:19
53        android:name="com.example.heartguardapp3.HeartGuardApplication"
53-->src\main\AndroidManifest.xml:13:9-46
54        android:allowBackup="false"
54-->src\main\AndroidManifest.xml:15:9-36
55        android:appComponentFactory="androidx.core.app.CoreComponentFactory"
55-->[androidx.core:core:1.13.1] AndroidManifest.xml:28:18-86
56        android:debuggable="true"
57        android:extractNativeLibs="true"
58        android:icon="@mipmap/ic_launcher"
58-->src\main\AndroidManifest.xml:14:9-43
59        android:label="Heart Guard" >
59-->src\main\AndroidManifest.xml:12:9-36
60
61        <!-- FCM Configuration -->
62        <meta-data
62-->src\main\AndroidManifest.xml:18:9-20:50
63            android:name="com.google.firebase.messaging.default_notification_channel_id"
63-->src\main\AndroidManifest.xml:19:13-89
64            android:value="heart_guard_channel" />
64-->src\main\AndroidManifest.xml:20:13-48
65        <meta-data
65-->src\main\AndroidManifest.xml:22:9-24:61
66            android:name="com.google.firebase.messaging.default_notification_icon"
66-->src\main\AndroidManifest.xml:23:13-83
67            android:resource="@drawable/notification_icon" />
67-->src\main\AndroidManifest.xml:24:13-59
68
69        <activity
69-->src\main\AndroidManifest.xml:26:9-46:20
70            android:name="com.example.heartguardapp3.MainActivity"
70-->src\main\AndroidManifest.xml:27:13-41
71            android:configChanges="orientation|keyboardHidden|keyboard|screenSize|smallestScreenSize|locale|layoutDirection|fontScale|screenLayout|density|uiMode"
71-->src\main\AndroidManifest.xml:31:13-163
72            android:exported="true"
72-->src\main\AndroidManifest.xml:28:13-36
73            android:hardwareAccelerated="true"
73-->src\main\AndroidManifest.xml:32:13-47
74            android:launchMode="singleTop"
74-->src\main\AndroidManifest.xml:29:13-43
75            android:theme="@style/LaunchTheme"
75-->src\main\AndroidManifest.xml:30:13-47
76            android:windowSoftInputMode="adjustResize" >
76-->src\main\AndroidManifest.xml:33:13-55
77
78            <!--
79                 Specifies an Android theme to apply to this Activity as soon as
80                 the Android process has started. This theme is visible to the user
81                 while the Flutter UI initializes. After that, this theme continues
82                 to determine the Window background behind the Flutter UI.
83            -->
84            <meta-data
84-->src\main\AndroidManifest.xml:38:13-41:17
85                android:name="io.flutter.embedding.android.NormalTheme"
85-->src\main\AndroidManifest.xml:39:15-70
86                android:resource="@style/NormalTheme" />
86-->src\main\AndroidManifest.xml:40:15-52
87
88            <intent-filter>
88-->src\main\AndroidManifest.xml:42:13-45:29
89                <action android:name="android.intent.action.MAIN" />
89-->src\main\AndroidManifest.xml:43:17-68
89-->src\main\AndroidManifest.xml:43:25-66
90
91                <category android:name="android.intent.category.LAUNCHER" />
91-->src\main\AndroidManifest.xml:44:17-76
91-->src\main\AndroidManifest.xml:44:27-74
92            </intent-filter>
93        </activity>
94        <!--
95             Don't delete the meta-data below.
96             This is used by the Flutter tool to generate GeneratedPluginRegistrant.java
97        -->
98        <meta-data
98-->src\main\AndroidManifest.xml:49:9-51:33
99            android:name="flutterEmbedding"
99-->src\main\AndroidManifest.xml:50:13-44
100            android:value="2" />
100-->src\main\AndroidManifest.xml:51:13-30
101
102        <!-- Background Services -->
103        <service
103-->src\main\AndroidManifest.xml:54:9-57:39
104            android:name="com.example.heartguardapp3.services.HeartGuardService"
104-->src\main\AndroidManifest.xml:55:13-55
105            android:exported="false"
105-->src\main\AndroidManifest.xml:57:13-37
106            android:foregroundServiceType="location" />
106-->src\main\AndroidManifest.xml:56:13-53
107
108        <!-- FCM Service -->
109        <service
109-->src\main\AndroidManifest.xml:60:9-66:19
110            android:name="io.flutter.plugins.firebase.messaging.FlutterFirebaseMessagingService"
110-->src\main\AndroidManifest.xml:61:13-97
111            android:exported="false" >
111-->src\main\AndroidManifest.xml:62:13-37
112            <intent-filter>
112-->src\main\AndroidManifest.xml:63:13-65:29
113                <action android:name="com.google.firebase.MESSAGING_EVENT" />
113-->src\main\AndroidManifest.xml:64:17-77
113-->src\main\AndroidManifest.xml:64:25-75
114            </intent-filter>
115        </service>
116        <service
116-->[:cloud_firestore] AndroidManifest.xml:8:9-12:19
117            android:name="com.google.firebase.components.ComponentDiscoveryService"
117-->[:cloud_firestore] AndroidManifest.xml:8:18-89
118            android:directBootAware="true"
118-->[com.google.firebase:firebase-common:20.4.3] AndroidManifest.xml:32:13-43
119            android:exported="false" >
119-->[com.google.firebase:firebase-firestore:24.11.0] AndroidManifest.xml:16:13-37
120            <meta-data
120-->[:cloud_firestore] AndroidManifest.xml:9:13-11:85
121                android:name="com.google.firebase.components:io.flutter.plugins.firebase.firestore.FlutterFirebaseFirestoreRegistrar"
121-->[:cloud_firestore] AndroidManifest.xml:10:17-134
122                android:value="com.google.firebase.components.ComponentRegistrar" />
122-->[:cloud_firestore] AndroidManifest.xml:11:17-82
123            <meta-data
123-->[:firebase_analytics] AndroidManifest.xml:13:13-15:85
124                android:name="com.google.firebase.components:io.flutter.plugins.firebase.analytics.FlutterFirebaseAppRegistrar"
124-->[:firebase_analytics] AndroidManifest.xml:14:17-128
125                android:value="com.google.firebase.components.ComponentRegistrar" />
125-->[:firebase_analytics] AndroidManifest.xml:15:17-82
126            <meta-data
126-->[:firebase_auth] AndroidManifest.xml:9:13-11:85
127                android:name="com.google.firebase.components:io.flutter.plugins.firebase.auth.FlutterFirebaseAuthRegistrar"
127-->[:firebase_auth] AndroidManifest.xml:10:17-124
128                android:value="com.google.firebase.components.ComponentRegistrar" />
128-->[:firebase_auth] AndroidManifest.xml:11:17-82
129            <meta-data
129-->[:firebase_messaging] AndroidManifest.xml:36:13-38:85
130                android:name="com.google.firebase.components:io.flutter.plugins.firebase.messaging.FlutterFirebaseAppRegistrar"
130-->[:firebase_messaging] AndroidManifest.xml:37:17-128
131                android:value="com.google.firebase.components.ComponentRegistrar" />
131-->[:firebase_messaging] AndroidManifest.xml:38:17-82
132            <meta-data
132-->[:firebase_core] AndroidManifest.xml:9:13-11:85
133                android:name="com.google.firebase.components:io.flutter.plugins.firebase.core.FlutterFirebaseCoreRegistrar"
133-->[:firebase_core] AndroidManifest.xml:10:17-124
134                android:value="com.google.firebase.components.ComponentRegistrar" />
134-->[:firebase_core] AndroidManifest.xml:11:17-82
135            <meta-data
135-->[com.google.firebase:firebase-firestore:24.11.0] AndroidManifest.xml:17:13-19:85
136                android:name="com.google.firebase.components:com.google.firebase.firestore.FirebaseFirestoreKtxRegistrar"
136-->[com.google.firebase:firebase-firestore:24.11.0] AndroidManifest.xml:18:17-122
137                android:value="com.google.firebase.components.ComponentRegistrar" />
137-->[com.google.firebase:firebase-firestore:24.11.0] AndroidManifest.xml:19:17-82
138            <meta-data
138-->[com.google.firebase:firebase-firestore:24.11.0] AndroidManifest.xml:20:13-22:85
139                android:name="com.google.firebase.components:com.google.firebase.firestore.FirestoreRegistrar"
139-->[com.google.firebase:firebase-firestore:24.11.0] AndroidManifest.xml:21:17-111
140                android:value="com.google.firebase.components.ComponentRegistrar" />
140-->[com.google.firebase:firebase-firestore:24.11.0] AndroidManifest.xml:22:17-82
141            <meta-data
141-->[com.google.firebase:firebase-messaging:23.4.1] AndroidManifest.xml:57:13-59:85
142                android:name="com.google.firebase.components:com.google.firebase.messaging.FirebaseMessagingKtxRegistrar"
142-->[com.google.firebase:firebase-messaging:23.4.1] AndroidManifest.xml:58:17-122
143                android:value="com.google.firebase.components.ComponentRegistrar" />
143-->[com.google.firebase:firebase-messaging:23.4.1] AndroidManifest.xml:59:17-82
144            <meta-data
144-->[com.google.firebase:firebase-messaging:23.4.1] AndroidManifest.xml:60:13-62:85
145                android:name="com.google.firebase.components:com.google.firebase.messaging.FirebaseMessagingRegistrar"
145-->[com.google.firebase:firebase-messaging:23.4.1] AndroidManifest.xml:61:17-119
146                android:value="com.google.firebase.components.ComponentRegistrar" />
146-->[com.google.firebase:firebase-messaging:23.4.1] AndroidManifest.xml:62:17-82
147            <meta-data
147-->[com.google.firebase:firebase-auth:22.3.1] AndroidManifest.xml:69:13-71:85
148                android:name="com.google.firebase.components:com.google.firebase.auth.FirebaseAuthRegistrar"
148-->[com.google.firebase:firebase-auth:22.3.1] AndroidManifest.xml:70:17-109
149                android:value="com.google.firebase.components.ComponentRegistrar" />
149-->[com.google.firebase:firebase-auth:22.3.1] AndroidManifest.xml:71:17-82
150            <meta-data
150-->[com.google.android.gms:play-services-measurement-api:21.6.1] AndroidManifest.xml:37:13-39:85
151                android:name="com.google.firebase.components:com.google.firebase.analytics.connector.internal.AnalyticsConnectorRegistrar"
151-->[com.google.android.gms:play-services-measurement-api:21.6.1] AndroidManifest.xml:38:17-139
152                android:value="com.google.firebase.components.ComponentRegistrar" />
152-->[com.google.android.gms:play-services-measurement-api:21.6.1] AndroidManifest.xml:39:17-82
153            <meta-data
153-->[com.google.firebase:firebase-iid:21.1.0] AndroidManifest.xml:32:13-34:85
154                android:name="com.google.firebase.components:com.google.firebase.iid.Registrar"
154-->[com.google.firebase:firebase-iid:21.1.0] AndroidManifest.xml:33:17-96
155                android:value="com.google.firebase.components.ComponentRegistrar" />
155-->[com.google.firebase:firebase-iid:21.1.0] AndroidManifest.xml:34:17-82
156            <meta-data
156-->[com.google.firebase:firebase-installations:17.2.0] AndroidManifest.xml:15:13-17:85
157                android:name="com.google.firebase.components:com.google.firebase.installations.FirebaseInstallationsKtxRegistrar"
157-->[com.google.firebase:firebase-installations:17.2.0] AndroidManifest.xml:16:17-130
158                android:value="com.google.firebase.components.ComponentRegistrar" />
158-->[com.google.firebase:firebase-installations:17.2.0] AndroidManifest.xml:17:17-82
159            <meta-data
159-->[com.google.firebase:firebase-installations:17.2.0] AndroidManifest.xml:18:13-20:85
160                android:name="com.google.firebase.components:com.google.firebase.installations.FirebaseInstallationsRegistrar"
160-->[com.google.firebase:firebase-installations:17.2.0] AndroidManifest.xml:19:17-127
161                android:value="com.google.firebase.components.ComponentRegistrar" />
161-->[com.google.firebase:firebase-installations:17.2.0] AndroidManifest.xml:20:17-82
162            <meta-data
162-->[com.google.firebase:firebase-common-ktx:20.4.3] AndroidManifest.xml:12:13-14:85
163                android:name="com.google.firebase.components:com.google.firebase.ktx.FirebaseCommonLegacyRegistrar"
163-->[com.google.firebase:firebase-common-ktx:20.4.3] AndroidManifest.xml:13:17-116
164                android:value="com.google.firebase.components.ComponentRegistrar" />
164-->[com.google.firebase:firebase-common-ktx:20.4.3] AndroidManifest.xml:14:17-82
165            <meta-data
165-->[com.google.firebase:firebase-common:20.4.3] AndroidManifest.xml:35:13-37:85
166                android:name="com.google.firebase.components:com.google.firebase.FirebaseCommonKtxRegistrar"
166-->[com.google.firebase:firebase-common:20.4.3] AndroidManifest.xml:36:17-109
167                android:value="com.google.firebase.components.ComponentRegistrar" />
167-->[com.google.firebase:firebase-common:20.4.3] AndroidManifest.xml:37:17-82
168            <meta-data
168-->[com.google.firebase:firebase-datatransport:18.1.7] AndroidManifest.xml:27:13-29:85
169                android:name="com.google.firebase.components:com.google.firebase.datatransport.TransportRegistrar"
169-->[com.google.firebase:firebase-datatransport:18.1.7] AndroidManifest.xml:28:17-115
170                android:value="com.google.firebase.components.ComponentRegistrar" />
170-->[com.google.firebase:firebase-datatransport:18.1.7] AndroidManifest.xml:29:17-82
171        </service>
172        <service
172-->[:firebase_messaging] AndroidManifest.xml:14:9-17:72
173            android:name="io.flutter.plugins.firebase.messaging.FlutterFirebaseMessagingBackgroundService"
173-->[:firebase_messaging] AndroidManifest.xml:15:13-107
174            android:exported="false"
174-->[:firebase_messaging] AndroidManifest.xml:16:13-37
175            android:permission="android.permission.BIND_JOB_SERVICE" />
175-->[:firebase_messaging] AndroidManifest.xml:17:13-69
176
177        <receiver
177-->[:firebase_messaging] AndroidManifest.xml:26:9-33:20
178            android:name="io.flutter.plugins.firebase.messaging.FlutterFirebaseMessagingReceiver"
178-->[:firebase_messaging] AndroidManifest.xml:27:13-98
179            android:exported="true"
179-->[:firebase_messaging] AndroidManifest.xml:28:13-36
180            android:permission="com.google.android.c2dm.permission.SEND" >
180-->[:firebase_messaging] AndroidManifest.xml:29:13-73
181            <intent-filter>
181-->[:firebase_messaging] AndroidManifest.xml:30:13-32:29
182                <action android:name="com.google.android.c2dm.intent.RECEIVE" />
182-->[:firebase_messaging] AndroidManifest.xml:31:17-81
182-->[:firebase_messaging] AndroidManifest.xml:31:25-78
183            </intent-filter>
184        </receiver>
185
186        <provider
186-->[:firebase_messaging] AndroidManifest.xml:41:9-45:38
187            android:name="io.flutter.plugins.firebase.messaging.FlutterFirebaseMessagingInitProvider"
187-->[:firebase_messaging] AndroidManifest.xml:42:13-102
188            android:authorities="com.example.heartguardapp3.flutterfirebasemessaginginitprovider"
188-->[:firebase_messaging] AndroidManifest.xml:43:13-88
189            android:exported="false"
189-->[:firebase_messaging] AndroidManifest.xml:44:13-37
190            android:initOrder="99" />
190-->[:firebase_messaging] AndroidManifest.xml:45:13-35
191
192        <receiver
192-->[com.google.firebase:firebase-messaging:23.4.1] AndroidManifest.xml:29:9-40:20
193            android:name="com.google.firebase.iid.FirebaseInstanceIdReceiver"
193-->[com.google.firebase:firebase-messaging:23.4.1] AndroidManifest.xml:30:13-78
194            android:exported="true"
194-->[com.google.firebase:firebase-messaging:23.4.1] AndroidManifest.xml:31:13-36
195            android:permission="com.google.android.c2dm.permission.SEND" >
195-->[com.google.firebase:firebase-messaging:23.4.1] AndroidManifest.xml:32:13-73
196            <intent-filter>
196-->[:firebase_messaging] AndroidManifest.xml:30:13-32:29
197                <action android:name="com.google.android.c2dm.intent.RECEIVE" />
197-->[:firebase_messaging] AndroidManifest.xml:31:17-81
197-->[:firebase_messaging] AndroidManifest.xml:31:25-78
198            </intent-filter>
199
200            <meta-data
200-->[com.google.firebase:firebase-messaging:23.4.1] AndroidManifest.xml:37:13-39:40
201                android:name="com.google.android.gms.cloudmessaging.FINISHED_AFTER_HANDLED"
201-->[com.google.firebase:firebase-messaging:23.4.1] AndroidManifest.xml:38:17-92
202                android:value="true" />
202-->[com.google.firebase:firebase-messaging:23.4.1] AndroidManifest.xml:39:17-37
203        </receiver>
204        <!--
205             FirebaseMessagingService performs security checks at runtime,
206             but set to not exported to explicitly avoid allowing another app to call it.
207        -->
208        <service
208-->[com.google.firebase:firebase-messaging:23.4.1] AndroidManifest.xml:46:9-53:19
209            android:name="com.google.firebase.messaging.FirebaseMessagingService"
209-->[com.google.firebase:firebase-messaging:23.4.1] AndroidManifest.xml:47:13-82
210            android:directBootAware="true"
210-->[com.google.firebase:firebase-messaging:23.4.1] AndroidManifest.xml:48:13-43
211            android:exported="false" >
211-->[com.google.firebase:firebase-messaging:23.4.1] AndroidManifest.xml:49:13-37
212            <intent-filter android:priority="-500" >
212-->src\main\AndroidManifest.xml:63:13-65:29
213                <action android:name="com.google.firebase.MESSAGING_EVENT" />
213-->src\main\AndroidManifest.xml:64:17-77
213-->src\main\AndroidManifest.xml:64:25-75
214            </intent-filter>
215        </service>
216
217        <activity
217-->[com.google.firebase:firebase-auth:22.3.1] AndroidManifest.xml:29:9-46:20
218            android:name="com.google.firebase.auth.internal.GenericIdpActivity"
218-->[com.google.firebase:firebase-auth:22.3.1] AndroidManifest.xml:30:13-80
219            android:excludeFromRecents="true"
219-->[com.google.firebase:firebase-auth:22.3.1] AndroidManifest.xml:31:13-46
220            android:exported="true"
220-->[com.google.firebase:firebase-auth:22.3.1] AndroidManifest.xml:32:13-36
221            android:launchMode="singleTask"
221-->[com.google.firebase:firebase-auth:22.3.1] AndroidManifest.xml:33:13-44
222            android:theme="@android:style/Theme.Translucent.NoTitleBar" >
222-->[com.google.firebase:firebase-auth:22.3.1] AndroidManifest.xml:34:13-72
223            <intent-filter>
223-->[com.google.firebase:firebase-auth:22.3.1] AndroidManifest.xml:35:13-45:29
224                <action android:name="android.intent.action.VIEW" />
224-->[com.google.firebase:firebase-auth:22.3.1] AndroidManifest.xml:36:17-69
224-->[com.google.firebase:firebase-auth:22.3.1] AndroidManifest.xml:36:25-66
225
226                <category android:name="android.intent.category.DEFAULT" />
226-->[com.google.firebase:firebase-auth:22.3.1] AndroidManifest.xml:38:17-76
226-->[com.google.firebase:firebase-auth:22.3.1] AndroidManifest.xml:38:27-73
227                <category android:name="android.intent.category.BROWSABLE" />
227-->[com.google.firebase:firebase-auth:22.3.1] AndroidManifest.xml:39:17-78
227-->[com.google.firebase:firebase-auth:22.3.1] AndroidManifest.xml:39:27-75
228
229                <data
229-->src\main\AndroidManifest.xml:76:13-50
230                    android:host="firebase.auth"
231                    android:path="/"
232                    android:scheme="genericidp" />
233            </intent-filter>
234        </activity>
235        <activity
235-->[com.google.firebase:firebase-auth:22.3.1] AndroidManifest.xml:47:9-64:20
236            android:name="com.google.firebase.auth.internal.RecaptchaActivity"
236-->[com.google.firebase:firebase-auth:22.3.1] AndroidManifest.xml:48:13-79
237            android:excludeFromRecents="true"
237-->[com.google.firebase:firebase-auth:22.3.1] AndroidManifest.xml:49:13-46
238            android:exported="true"
238-->[com.google.firebase:firebase-auth:22.3.1] AndroidManifest.xml:50:13-36
239            android:launchMode="singleTask"
239-->[com.google.firebase:firebase-auth:22.3.1] AndroidManifest.xml:51:13-44
240            android:theme="@android:style/Theme.Translucent.NoTitleBar" >
240-->[com.google.firebase:firebase-auth:22.3.1] AndroidManifest.xml:52:13-72
241            <intent-filter>
241-->[com.google.firebase:firebase-auth:22.3.1] AndroidManifest.xml:53:13-63:29
242                <action android:name="android.intent.action.VIEW" />
242-->[com.google.firebase:firebase-auth:22.3.1] AndroidManifest.xml:36:17-69
242-->[com.google.firebase:firebase-auth:22.3.1] AndroidManifest.xml:36:25-66
243
244                <category android:name="android.intent.category.DEFAULT" />
244-->[com.google.firebase:firebase-auth:22.3.1] AndroidManifest.xml:38:17-76
244-->[com.google.firebase:firebase-auth:22.3.1] AndroidManifest.xml:38:27-73
245                <category android:name="android.intent.category.BROWSABLE" />
245-->[com.google.firebase:firebase-auth:22.3.1] AndroidManifest.xml:39:17-78
245-->[com.google.firebase:firebase-auth:22.3.1] AndroidManifest.xml:39:27-75
246
247                <data
247-->src\main\AndroidManifest.xml:76:13-50
248                    android:host="firebase.auth"
249                    android:path="/"
250                    android:scheme="recaptcha" />
251            </intent-filter>
252        </activity>
253
254        <property
254-->[com.google.android.gms:play-services-measurement-api:21.6.1] AndroidManifest.xml:30:9-32:61
255            android:name="android.adservices.AD_SERVICES_CONFIG"
255-->[com.google.android.gms:play-services-measurement-api:21.6.1] AndroidManifest.xml:31:13-65
256            android:resource="@xml/ga_ad_services_config" />
256-->[com.google.android.gms:play-services-measurement-api:21.6.1] AndroidManifest.xml:32:13-58
257
258        <activity
258-->[com.google.android.gms:play-services-base:18.0.1] AndroidManifest.xml:20:9-22:45
259            android:name="com.google.android.gms.common.api.GoogleApiActivity"
259-->[com.google.android.gms:play-services-base:18.0.1] AndroidManifest.xml:20:19-85
260            android:exported="false"
260-->[com.google.android.gms:play-services-base:18.0.1] AndroidManifest.xml:22:19-43
261            android:theme="@android:style/Theme.Translucent.NoTitleBar" />
261-->[com.google.android.gms:play-services-base:18.0.1] AndroidManifest.xml:21:19-78
262
263        <receiver
263-->[com.google.android.gms:play-services-measurement:21.6.1] AndroidManifest.xml:29:9-33:20
264            android:name="com.google.android.gms.measurement.AppMeasurementReceiver"
264-->[com.google.android.gms:play-services-measurement:21.6.1] AndroidManifest.xml:30:13-85
265            android:enabled="true"
265-->[com.google.android.gms:play-services-measurement:21.6.1] AndroidManifest.xml:31:13-35
266            android:exported="false" >
266-->[com.google.android.gms:play-services-measurement:21.6.1] AndroidManifest.xml:32:13-37
267        </receiver>
268
269        <service
269-->[com.google.android.gms:play-services-measurement:21.6.1] AndroidManifest.xml:35:9-38:40
270            android:name="com.google.android.gms.measurement.AppMeasurementService"
270-->[com.google.android.gms:play-services-measurement:21.6.1] AndroidManifest.xml:36:13-84
271            android:enabled="true"
271-->[com.google.android.gms:play-services-measurement:21.6.1] AndroidManifest.xml:37:13-35
272            android:exported="false" />
272-->[com.google.android.gms:play-services-measurement:21.6.1] AndroidManifest.xml:38:13-37
273        <service
273-->[com.google.android.gms:play-services-measurement:21.6.1] AndroidManifest.xml:39:9-43:72
274            android:name="com.google.android.gms.measurement.AppMeasurementJobService"
274-->[com.google.android.gms:play-services-measurement:21.6.1] AndroidManifest.xml:40:13-87
275            android:enabled="true"
275-->[com.google.android.gms:play-services-measurement:21.6.1] AndroidManifest.xml:41:13-35
276            android:exported="false"
276-->[com.google.android.gms:play-services-measurement:21.6.1] AndroidManifest.xml:42:13-37
277            android:permission="android.permission.BIND_JOB_SERVICE" />
277-->[com.google.android.gms:play-services-measurement:21.6.1] AndroidManifest.xml:43:13-69
278
279        <provider
279-->[com.google.firebase:firebase-common:20.4.3] AndroidManifest.xml:23:9-28:39
280            android:name="com.google.firebase.provider.FirebaseInitProvider"
280-->[com.google.firebase:firebase-common:20.4.3] AndroidManifest.xml:24:13-77
281            android:authorities="com.example.heartguardapp3.firebaseinitprovider"
281-->[com.google.firebase:firebase-common:20.4.3] AndroidManifest.xml:25:13-72
282            android:directBootAware="true"
282-->[com.google.firebase:firebase-common:20.4.3] AndroidManifest.xml:26:13-43
283            android:exported="false"